Build output check failed:
    Regex: 'command[- ]line option .* is valid for .* but not for C'
    Output line: 'cc1: warning: command line option ‘-Wnon-virtual-dtor’ is valid for C++/ObjC++ but not for C'
Compilation failed:
    source file: '/home/max/Dev/OpenCV/OpenCV_build/CMakeFiles/CMakeTmp/src.c'
    check option: ' -fsigned-char -W -Wall -Wreturn-type  -Wnon-virtual-dtor'
===== BUILD LOG =====
Change Dir: /home/max/Dev/OpenCV/OpenCV_build/CMakeFiles/CMakeTmp

Run Build Command(s):/usr/bin/make cmTC_b2c48/fast && /usr/bin/make -f CMakeFiles/cmTC_b2c48.dir/build.make CMakeFiles/cmTC_b2c48.dir/build
make[1]: Entering directory '/home/max/Dev/OpenCV/OpenCV_build/CMakeFiles/CMakeTmp'
Building C object CMakeFiles/cmTC_b2c48.dir/src.c.o
/usr/bin/cc   -O3 -DNDEBUG -fPIE    -fsigned-char -W -Wall -Wreturn-type  -Wnon-virtual-dtor -o CMakeFiles/cmTC_b2c48.dir/src.c.o   -c /home/max/Dev/OpenCV/OpenCV_build/CMakeFiles/CMakeTmp/src.c
cc1: warning: command line option ‘-Wnon-virtual-dtor’ is valid for C++/ObjC++ but not for C
/home/max/Dev/OpenCV/OpenCV_build/CMakeFiles/CMakeTmp/src.c:1: warning: ignoring #pragma   [-Wunknown-pragmas]
    1 | #pragma
      | 
Linking C executable cmTC_b2c48
/usr/bin/cmake -E cmake_link_script CMakeFiles/cmTC_b2c48.dir/link.txt --verbose=1
/usr/bin/cc   -O3 -DNDEBUG    CMakeFiles/cmTC_b2c48.dir/src.c.o  -o cmTC_b2c48 
make[1]: Leaving directory '/home/max/Dev/OpenCV/OpenCV_build/CMakeFiles/CMakeTmp'


===== END =====

Build output check failed:
    Regex: 'command[- ]line option .* is valid for .* but not for C\+\+'
    Output line: 'cc1plus: warning: command line option ‘-Wmissing-prototypes’ is valid for C/ObjC but not for C++'
Compilation failed:
    source file: '/home/max/Dev/OpenCV/OpenCV_build/CMakeFiles/CMakeTmp/src.cxx'
    check option: ' -fsigned-char -W -Wall -Wreturn-type -Wnon-virtual-dtor -Waddress -Wsequence-point -Wformat -Wformat-security -Wmissing-declarations  -Wmissing-prototypes'
===== BUILD LOG =====
Change Dir: /home/max/Dev/OpenCV/OpenCV_build/CMakeFiles/CMakeTmp

Run Build Command(s):/usr/bin/make cmTC_4d3a2/fast && /usr/bin/make -f CMakeFiles/cmTC_4d3a2.dir/build.make CMakeFiles/cmTC_4d3a2.dir/build
make[1]: Entering directory '/home/max/Dev/OpenCV/OpenCV_build/CMakeFiles/CMakeTmp'
Building CXX object CMakeFiles/cmTC_4d3a2.dir/src.cxx.o
/usr/bin/c++    -O3 -DNDEBUG -fPIE    -fsigned-char -W -Wall -Wreturn-type -Wnon-virtual-dtor -Waddress -Wsequence-point -Wformat -Wformat-security -Wmissing-declarations  -Wmissing-prototypes -std=c++11 -o CMakeFiles/cmTC_4d3a2.dir/src.cxx.o -c /home/max/Dev/OpenCV/OpenCV_build/CMakeFiles/CMakeTmp/src.cxx
cc1plus: warning: command line option ‘-Wmissing-prototypes’ is valid for C/ObjC but not for C++
/home/max/Dev/OpenCV/OpenCV_build/CMakeFiles/CMakeTmp/src.cxx:1: warning: ignoring #pragma   [-Wunknown-pragmas]
    1 | #pragma
      | 
Linking CXX executable cmTC_4d3a2
/usr/bin/cmake -E cmake_link_script CMakeFiles/cmTC_4d3a2.dir/link.txt --verbose=1
/usr/bin/c++    -O3 -DNDEBUG    CMakeFiles/cmTC_4d3a2.dir/src.cxx.o  -o cmTC_4d3a2 
make[1]: Leaving directory '/home/max/Dev/OpenCV/OpenCV_build/CMakeFiles/CMakeTmp'


===== END =====

Build output check failed:
    Regex: 'command[- ]line option .* is valid for .* but not for C\+\+'
    Output line: 'cc1plus: warning: command line option ‘-Wstrict-prototypes’ is valid for C/ObjC but not for C++'
Compilation failed:
    source file: '/home/max/Dev/OpenCV/OpenCV_build/CMakeFiles/CMakeTmp/src.cxx'
    check option: ' -fsigned-char -W -Wall -Wreturn-type -Wnon-virtual-dtor -Waddress -Wsequence-point -Wformat -Wformat-security -Wmissing-declarations  -Wstrict-prototypes'
===== BUILD LOG =====
Change Dir: /home/max/Dev/OpenCV/OpenCV_build/CMakeFiles/CMakeTmp

Run Build Command(s):/usr/bin/make cmTC_b661d/fast && /usr/bin/make -f CMakeFiles/cmTC_b661d.dir/build.make CMakeFiles/cmTC_b661d.dir/build
make[1]: Entering directory '/home/max/Dev/OpenCV/OpenCV_build/CMakeFiles/CMakeTmp'
Building CXX object CMakeFiles/cmTC_b661d.dir/src.cxx.o
/usr/bin/c++    -O3 -DNDEBUG -fPIE    -fsigned-char -W -Wall -Wreturn-type -Wnon-virtual-dtor -Waddress -Wsequence-point -Wformat -Wformat-security -Wmissing-declarations  -Wstrict-prototypes -std=c++11 -o CMakeFiles/cmTC_b661d.dir/src.cxx.o -c /home/max/Dev/OpenCV/OpenCV_build/CMakeFiles/CMakeTmp/src.cxx
cc1plus: warning: command line option ‘-Wstrict-prototypes’ is valid for C/ObjC but not for C++
/home/max/Dev/OpenCV/OpenCV_build/CMakeFiles/CMakeTmp/src.cxx:1: warning: ignoring #pragma   [-Wunknown-pragmas]
    1 | #pragma
      | 
Linking CXX executable cmTC_b661d
/usr/bin/cmake -E cmake_link_script CMakeFiles/cmTC_b661d.dir/link.txt --verbose=1
/usr/bin/c++    -O3 -DNDEBUG    CMakeFiles/cmTC_b661d.dir/src.cxx.o  -o cmTC_b661d 
make[1]: Leaving directory '/home/max/Dev/OpenCV/OpenCV_build/CMakeFiles/CMakeTmp'


===== END =====

Build output check failed:
    Regex: 'command[- ]line option .* is valid for .* but not for C'
    Output line: 'cc1: warning: command line option ‘-Wsign-promo’ is valid for C++/ObjC++ but not for C'
Compilation failed:
    source file: '/home/max/Dev/OpenCV/OpenCV_build/CMakeFiles/CMakeTmp/src.c'
    check option: ' -fsigned-char -W -Wall -Wreturn-type -Waddress -Wsequence-point -Wformat -Wformat-security -Wmissing-declarations -Wmissing-prototypes -Wstrict-prototypes -Wundef -Winit-self -Wpointer-arith -Wshadow  -Wsign-promo'
===== BUILD LOG =====
Change Dir: /home/max/Dev/OpenCV/OpenCV_build/CMakeFiles/CMakeTmp

Run Build Command(s):/usr/bin/make cmTC_d034d/fast && /usr/bin/make -f CMakeFiles/cmTC_d034d.dir/build.make CMakeFiles/cmTC_d034d.dir/build
make[1]: Entering directory '/home/max/Dev/OpenCV/OpenCV_build/CMakeFiles/CMakeTmp'
Building C object CMakeFiles/cmTC_d034d.dir/src.c.o
/usr/bin/cc   -O3 -DNDEBUG -fPIE    -fsigned-char -W -Wall -Wreturn-type -Waddress -Wsequence-point -Wformat -Wformat-security -Wmissing-declarations -Wmissing-prototypes -Wstrict-prototypes -Wundef -Winit-self -Wpointer-arith -Wshadow  -Wsign-promo -o CMakeFiles/cmTC_d034d.dir/src.c.o   -c /home/max/Dev/OpenCV/OpenCV_build/CMakeFiles/CMakeTmp/src.c
cc1: warning: command line option ‘-Wsign-promo’ is valid for C++/ObjC++ but not for C
/home/max/Dev/OpenCV/OpenCV_build/CMakeFiles/CMakeTmp/src.c:1: warning: ignoring #pragma   [-Wunknown-pragmas]
    1 | #pragma
      | 
Linking C executable cmTC_d034d
/usr/bin/cmake -E cmake_link_script CMakeFiles/cmTC_d034d.dir/link.txt --verbose=1
/usr/bin/cc   -O3 -DNDEBUG    CMakeFiles/cmTC_d034d.dir/src.c.o  -o cmTC_d034d 
make[1]: Leaving directory '/home/max/Dev/OpenCV/OpenCV_build/CMakeFiles/CMakeTmp'


===== END =====

Build output check failed:
    Regex: 'command[- ]line option .* is valid for .* but not for C'
    Output line: 'cc1: warning: command line option ‘-Wsuggest-override’ is valid for C++/ObjC++ but not for C'
Compilation failed:
    source file: '/home/max/Dev/OpenCV/OpenCV_build/CMakeFiles/CMakeTmp/src.c'
    check option: ' -fsigned-char -W -Wall -Wreturn-type -Waddress -Wsequence-point -Wformat -Wformat-security -Wmissing-declarations -Wmissing-prototypes -Wstrict-prototypes -Wundef -Winit-self -Wpointer-arith -Wshadow -Wuninitialized  -Wsuggest-override'
===== BUILD LOG =====
Change Dir: /home/max/Dev/OpenCV/OpenCV_build/CMakeFiles/CMakeTmp

Run Build Command(s):/usr/bin/make cmTC_45307/fast && /usr/bin/make -f CMakeFiles/cmTC_45307.dir/build.make CMakeFiles/cmTC_45307.dir/build
make[1]: Entering directory '/home/max/Dev/OpenCV/OpenCV_build/CMakeFiles/CMakeTmp'
Building C object CMakeFiles/cmTC_45307.dir/src.c.o
/usr/bin/cc   -O3 -DNDEBUG -fPIE    -fsigned-char -W -Wall -Wreturn-type -Waddress -Wsequence-point -Wformat -Wformat-security -Wmissing-declarations -Wmissing-prototypes -Wstrict-prototypes -Wundef -Winit-self -Wpointer-arith -Wshadow -Wuninitialized  -Wsuggest-override -o CMakeFiles/cmTC_45307.dir/src.c.o   -c /home/max/Dev/OpenCV/OpenCV_build/CMakeFiles/CMakeTmp/src.c
cc1: warning: command line option ‘-Wsuggest-override’ is valid for C++/ObjC++ but not for C
/home/max/Dev/OpenCV/OpenCV_build/CMakeFiles/CMakeTmp/src.c:1: warning: ignoring #pragma   [-Wunknown-pragmas]
    1 | #pragma
      | 
Linking C executable cmTC_45307
/usr/bin/cmake -E cmake_link_script CMakeFiles/cmTC_45307.dir/link.txt --verbose=1
/usr/bin/cc   -O3 -DNDEBUG    CMakeFiles/cmTC_45307.dir/src.c.o  -o cmTC_45307 
make[1]: Leaving directory '/home/max/Dev/OpenCV/OpenCV_build/CMakeFiles/CMakeTmp'


===== END =====

Build output check failed:
    Regex: 'command[- ]line option .* is valid for .* but not for C'
    Output line: 'cc1: warning: command line option ‘-Wno-delete-non-virtual-dtor’ is valid for C++/ObjC++ but not for C'
Compilation failed:
    source file: '/home/max/Dev/OpenCV/OpenCV_build/CMakeFiles/CMakeTmp/src.c'
    check option: ' -fsigned-char -W -Wall -Wreturn-type -Waddress -Wsequence-point -Wformat -Wformat-security -Wmissing-declarations -Wmissing-prototypes -Wstrict-prototypes -Wundef -Winit-self -Wpointer-arith -Wshadow -Wuninitialized  -Wno-delete-non-virtual-dtor'
===== BUILD LOG =====
Change Dir: /home/max/Dev/OpenCV/OpenCV_build/CMakeFiles/CMakeTmp

Run Build Command(s):/usr/bin/make cmTC_76e2d/fast && /usr/bin/make -f CMakeFiles/cmTC_76e2d.dir/build.make CMakeFiles/cmTC_76e2d.dir/build
make[1]: Entering directory '/home/max/Dev/OpenCV/OpenCV_build/CMakeFiles/CMakeTmp'
Building C object CMakeFiles/cmTC_76e2d.dir/src.c.o
/usr/bin/cc   -O3 -DNDEBUG -fPIE    -fsigned-char -W -Wall -Wreturn-type -Waddress -Wsequence-point -Wformat -Wformat-security -Wmissing-declarations -Wmissing-prototypes -Wstrict-prototypes -Wundef -Winit-self -Wpointer-arith -Wshadow -Wuninitialized  -Wno-delete-non-virtual-dtor -o CMakeFiles/cmTC_76e2d.dir/src.c.o   -c /home/max/Dev/OpenCV/OpenCV_build/CMakeFiles/CMakeTmp/src.c
cc1: warning: command line option ‘-Wno-delete-non-virtual-dtor’ is valid for C++/ObjC++ but not for C
/home/max/Dev/OpenCV/OpenCV_build/CMakeFiles/CMakeTmp/src.c:1: warning: ignoring #pragma   [-Wunknown-pragmas]
    1 | #pragma
      | 
Linking C executable cmTC_76e2d
/usr/bin/cmake -E cmake_link_script CMakeFiles/cmTC_76e2d.dir/link.txt --verbose=1
/usr/bin/cc   -O3 -DNDEBUG    CMakeFiles/cmTC_76e2d.dir/src.c.o  -o cmTC_76e2d 
make[1]: Leaving directory '/home/max/Dev/OpenCV/OpenCV_build/CMakeFiles/CMakeTmp'


===== END =====

Build output check failed:
    Regex: 'unrecognized .*option'
    Output line: 'cc1plus: warning: unrecognized command line option ‘-Wno-unnamed-type-template-args’'
Compilation failed:
    source file: '/home/max/Dev/OpenCV/OpenCV_build/CMakeFiles/CMakeTmp/src.cxx'
    check option: ' -fsigned-char -W -Wall -Wreturn-type -Wnon-virtual-dtor -Waddress -Wsequence-point -Wformat -Wformat-security -Wmissing-declarations -Wundef -Winit-self -Wpointer-arith -Wshadow -Wsign-promo -Wuninitialized -Wsuggest-override -Wno-delete-non-virtual-dtor  -Wno-unnamed-type-template-args'
===== BUILD LOG =====
Change Dir: /home/max/Dev/OpenCV/OpenCV_build/CMakeFiles/CMakeTmp

Run Build Command(s):/usr/bin/make cmTC_b70bc/fast && /usr/bin/make -f CMakeFiles/cmTC_b70bc.dir/build.make CMakeFiles/cmTC_b70bc.dir/build
make[1]: Entering directory '/home/max/Dev/OpenCV/OpenCV_build/CMakeFiles/CMakeTmp'
Building CXX object CMakeFiles/cmTC_b70bc.dir/src.cxx.o
/usr/bin/c++    -O3 -DNDEBUG -fPIE    -fsigned-char -W -Wall -Wreturn-type -Wnon-virtual-dtor -Waddress -Wsequence-point -Wformat -Wformat-security -Wmissing-declarations -Wundef -Winit-self -Wpointer-arith -Wshadow -Wsign-promo -Wuninitialized -Wsuggest-override -Wno-delete-non-virtual-dtor  -Wno-unnamed-type-template-args -std=c++11 -o CMakeFiles/cmTC_b70bc.dir/src.cxx.o -c /home/max/Dev/OpenCV/OpenCV_build/CMakeFiles/CMakeTmp/src.cxx
/home/max/Dev/OpenCV/OpenCV_build/CMakeFiles/CMakeTmp/src.cxx:1: warning: ignoring #pragma   [-Wunknown-pragmas]
    1 | #pragma
      | 
cc1plus: warning: unrecognized command line option ‘-Wno-unnamed-type-template-args’
Linking CXX executable cmTC_b70bc
/usr/bin/cmake -E cmake_link_script CMakeFiles/cmTC_b70bc.dir/link.txt --verbose=1
/usr/bin/c++    -O3 -DNDEBUG    CMakeFiles/cmTC_b70bc.dir/src.cxx.o  -o cmTC_b70bc 
make[1]: Leaving directory '/home/max/Dev/OpenCV/OpenCV_build/CMakeFiles/CMakeTmp'


===== END =====

Build output check failed:
    Regex: 'unrecognized .*option'
    Output line: 'cc1: warning: unrecognized command line option ‘-Wno-unnamed-type-template-args’'
Compilation failed:
    source file: '/home/max/Dev/OpenCV/OpenCV_build/CMakeFiles/CMakeTmp/src.c'
    check option: ' -fsigned-char -W -Wall -Wreturn-type -Waddress -Wsequence-point -Wformat -Wformat-security -Wmissing-declarations -Wmissing-prototypes -Wstrict-prototypes -Wundef -Winit-self -Wpointer-arith -Wshadow -Wuninitialized  -Wno-unnamed-type-template-args'
===== BUILD LOG =====
Change Dir: /home/max/Dev/OpenCV/OpenCV_build/CMakeFiles/CMakeTmp

Run Build Command(s):/usr/bin/make cmTC_65309/fast && /usr/bin/make -f CMakeFiles/cmTC_65309.dir/build.make CMakeFiles/cmTC_65309.dir/build
make[1]: Entering directory '/home/max/Dev/OpenCV/OpenCV_build/CMakeFiles/CMakeTmp'
Building C object CMakeFiles/cmTC_65309.dir/src.c.o
/usr/bin/cc   -O3 -DNDEBUG -fPIE    -fsigned-char -W -Wall -Wreturn-type -Waddress -Wsequence-point -Wformat -Wformat-security -Wmissing-declarations -Wmissing-prototypes -Wstrict-prototypes -Wundef -Winit-self -Wpointer-arith -Wshadow -Wuninitialized  -Wno-unnamed-type-template-args -o CMakeFiles/cmTC_65309.dir/src.c.o   -c /home/max/Dev/OpenCV/OpenCV_build/CMakeFiles/CMakeTmp/src.c
/home/max/Dev/OpenCV/OpenCV_build/CMakeFiles/CMakeTmp/src.c:1: warning: ignoring #pragma   [-Wunknown-pragmas]
    1 | #pragma
      | 
cc1: warning: unrecognized command line option ‘-Wno-unnamed-type-template-args’
Linking C executable cmTC_65309
/usr/bin/cmake -E cmake_link_script CMakeFiles/cmTC_65309.dir/link.txt --verbose=1
/usr/bin/cc   -O3 -DNDEBUG    CMakeFiles/cmTC_65309.dir/src.c.o  -o cmTC_65309 
make[1]: Leaving directory '/home/max/Dev/OpenCV/OpenCV_build/CMakeFiles/CMakeTmp'


===== END =====

Build output check failed:
    Regex: 'command[- ]line option .* is valid for .* but not for C'
    Output line: 'cc1: warning: command line option ‘-fvisibility-inlines-hidden’ is valid for C++/ObjC++ but not for C'
Compilation failed:
    source file: '/home/max/Dev/OpenCV/OpenCV_build/CMakeFiles/CMakeTmp/src.c'
    check option: ' -fsigned-char -W -Wall -Wreturn-type -Waddress -Wsequence-point -Wformat -Wformat-security -Wmissing-declarations -Wmissing-prototypes -Wstrict-prototypes -Wundef -Winit-self -Wpointer-arith -Wshadow -Wuninitialized -Wno-comment -Wimplicit-fallthrough=3 -Wno-strict-overflow -fdiagnostics-show-option -Wno-long-long -pthread -fomit-frame-pointer -ffunction-sections -fdata-sections  -msse -msse2 -msse3 -fvisibility=hidden  -fvisibility-inlines-hidden'
===== BUILD LOG =====
Change Dir: /home/max/Dev/OpenCV/OpenCV_build/CMakeFiles/CMakeTmp

Run Build Command(s):/usr/bin/make cmTC_c20a7/fast && /usr/bin/make -f CMakeFiles/cmTC_c20a7.dir/build.make CMakeFiles/cmTC_c20a7.dir/build
make[1]: Entering directory '/home/max/Dev/OpenCV/OpenCV_build/CMakeFiles/CMakeTmp'
Building C object CMakeFiles/cmTC_c20a7.dir/src.c.o
/usr/bin/cc   -O3 -DNDEBUG -fPIE    -fsigned-char -W -Wall -Wreturn-type -Waddress -Wsequence-point -Wformat -Wformat-security -Wmissing-declarations -Wmissing-prototypes -Wstrict-prototypes -Wundef -Winit-self -Wpointer-arith -Wshadow -Wuninitialized -Wno-comment -Wimplicit-fallthrough=3 -Wno-strict-overflow -fdiagnostics-show-option -Wno-long-long -pthread -fomit-frame-pointer -ffunction-sections -fdata-sections  -msse -msse2 -msse3 -fvisibility=hidden  -fvisibility-inlines-hidden -o CMakeFiles/cmTC_c20a7.dir/src.c.o   -c /home/max/Dev/OpenCV/OpenCV_build/CMakeFiles/CMakeTmp/src.c
cc1: warning: command line option ‘-fvisibility-inlines-hidden’ is valid for C++/ObjC++ but not for C
/home/max/Dev/OpenCV/OpenCV_build/CMakeFiles/CMakeTmp/src.c:1: warning: ignoring #pragma   [-Wunknown-pragmas]
    1 | #pragma
      | 
Linking C executable cmTC_c20a7
/usr/bin/cmake -E cmake_link_script CMakeFiles/cmTC_c20a7.dir/link.txt --verbose=1
/usr/bin/cc   -O3 -DNDEBUG    CMakeFiles/cmTC_c20a7.dir/src.c.o  -o cmTC_c20a7 
make[1]: Leaving directory '/home/max/Dev/OpenCV/OpenCV_build/CMakeFiles/CMakeTmp'


===== END =====

Build output check failed:
    Regex: 'unrecognized .*option'
    Output line: 'cc1: warning: unrecognized command line option ‘-Wno-implicit-const-int-float-conversion’'
Compilation failed:
    source file: '/home/max/Dev/OpenCV/OpenCV_build/CMakeFiles/CMakeTmp/src.c'
    check option: ' -Wno-implicit-const-int-float-conversion'
===== BUILD LOG =====
Change Dir: /home/max/Dev/OpenCV/OpenCV_build/CMakeFiles/CMakeTmp

Run Build Command(s):/usr/bin/make cmTC_dd61f/fast && /usr/bin/make -f CMakeFiles/cmTC_dd61f.dir/build.make CMakeFiles/cmTC_dd61f.dir/build
make[1]: Entering directory '/home/max/Dev/OpenCV/OpenCV_build/CMakeFiles/CMakeTmp'
Building C object CMakeFiles/cmTC_dd61f.dir/src.c.o
/usr/bin/cc   -fsigned-char -W -Wall -Wreturn-type -Waddress -Wsequence-point -Wformat -Wformat-security -Wmissing-declarations -Wmissing-prototypes -Wstrict-prototypes -Wundef -Winit-self -Wpointer-arith -Wshadow -Wuninitialized -Wno-comment -Wimplicit-fallthrough=3 -Wno-strict-overflow -fdiagnostics-show-option -Wno-long-long -pthread -fomit-frame-pointer -ffunction-sections -fdata-sections  -msse -msse2 -msse3 -fvisibility=hidden  -O3 -DNDEBUG  -DNDEBUG -fPIE    -Wno-implicit-const-int-float-conversion -o CMakeFiles/cmTC_dd61f.dir/src.c.o   -c /home/max/Dev/OpenCV/OpenCV_build/CMakeFiles/CMakeTmp/src.c
/home/max/Dev/OpenCV/OpenCV_build/CMakeFiles/CMakeTmp/src.c:1: warning: ignoring #pragma   [-Wunknown-pragmas]
    1 | #pragma
      | 
cc1: warning: unrecognized command line option ‘-Wno-implicit-const-int-float-conversion’
Linking C executable cmTC_dd61f
/usr/bin/cmake -E cmake_link_script CMakeFiles/cmTC_dd61f.dir/link.txt --verbose=1
/usr/bin/cc    -fsigned-char -W -Wall -Wreturn-type -Waddress -Wsequence-point -Wformat -Wformat-security -Wmissing-declarations -Wmissing-prototypes -Wstrict-prototypes -Wundef -Winit-self -Wpointer-arith -Wshadow -Wuninitialized -Wno-comment -Wimplicit-fallthrough=3 -Wno-strict-overflow -fdiagnostics-show-option -Wno-long-long -pthread -fomit-frame-pointer -ffunction-sections -fdata-sections  -msse -msse2 -msse3 -fvisibility=hidden  -O3 -DNDEBUG  -DNDEBUG    -Wl,--gc-sections -Wl,--as-needed -Wl,--no-undefined  CMakeFiles/cmTC_dd61f.dir/src.c.o  -o cmTC_dd61f 
make[1]: Leaving directory '/home/max/Dev/OpenCV/OpenCV_build/CMakeFiles/CMakeTmp'


===== END =====

Determining if the _aligned_malloc exist failed with the following output:
Change Dir: /home/max/Dev/OpenCV/OpenCV_build/CMakeFiles/CMakeTmp

Run Build Command(s):/usr/bin/make cmTC_66e7c/fast && /usr/bin/make -f CMakeFiles/cmTC_66e7c.dir/build.make CMakeFiles/cmTC_66e7c.dir/build
make[1]: Entering directory '/home/max/Dev/OpenCV/OpenCV_build/CMakeFiles/CMakeTmp'
Building C object CMakeFiles/cmTC_66e7c.dir/CheckSymbolExists.c.o
/usr/bin/cc   -fsigned-char -W -Wall -Wreturn-type -Waddress -Wsequence-point -Wformat -Wformat-security -Wmissing-declarations -Wmissing-prototypes -Wstrict-prototypes -Wundef -Winit-self -Wpointer-arith -Wshadow -Wuninitialized -Wno-comment -Wimplicit-fallthrough=3 -Wno-strict-overflow -fdiagnostics-show-option -Wno-long-long -pthread -fomit-frame-pointer -ffunction-sections -fdata-sections  -msse -msse2 -msse3 -fvisibility=hidden  -O3 -DNDEBUG  -DNDEBUG -fPIE   -o CMakeFiles/cmTC_66e7c.dir/CheckSymbolExists.c.o   -c /home/max/Dev/OpenCV/OpenCV_build/CMakeFiles/CMakeTmp/CheckSymbolExists.c
/home/max/Dev/OpenCV/OpenCV_build/CMakeFiles/CMakeTmp/CheckSymbolExists.c: In function ‘main’:
/home/max/Dev/OpenCV/OpenCV_build/CMakeFiles/CMakeTmp/CheckSymbolExists.c:8:19: error: ‘_aligned_malloc’ undeclared (first use in this function)
    8 |   return ((int*)(&_aligned_malloc))[argc];
      |                   ^~~~~~~~~~~~~~~
/home/max/Dev/OpenCV/OpenCV_build/CMakeFiles/CMakeTmp/CheckSymbolExists.c:8:19: note: each undeclared identifier is reported only once for each function it appears in
/home/max/Dev/OpenCV/OpenCV_build/CMakeFiles/CMakeTmp/CheckSymbolExists.c:4:14: warning: parameter ‘argc’ set but not used [-Wunused-but-set-parameter]
    4 | int main(int argc, char** argv)
      |          ~~~~^~~~
make[1]: *** [CMakeFiles/cmTC_66e7c.dir/build.make:66: CMakeFiles/cmTC_66e7c.dir/CheckSymbolExists.c.o] Error 1
make[1]: Leaving directory '/home/max/Dev/OpenCV/OpenCV_build/CMakeFiles/CMakeTmp'
make: *** [Makefile:121: cmTC_66e7c/fast] Error 2


File /home/max/Dev/OpenCV/OpenCV_build/CMakeFiles/CMakeTmp/CheckSymbolExists.c:
/* */
#include <malloc.h>

int main(int argc, char** argv)
{
  (void)argv;
#ifndef _aligned_malloc
  return ((int*)(&_aligned_malloc))[argc];
#else
  (void)argc;
  return 0;
#endif
}
Determining if the function sgemm_ exists failed with the following output:
Change Dir: /home/max/Dev/OpenCV/OpenCV_build/CMakeFiles/CMakeTmp

Run Build Command(s):/usr/bin/make cmTC_25af4/fast && /usr/bin/make -f CMakeFiles/cmTC_25af4.dir/build.make CMakeFiles/cmTC_25af4.dir/build
make[1]: Entering directory '/home/max/Dev/OpenCV/OpenCV_build/CMakeFiles/CMakeTmp'
Building C object CMakeFiles/cmTC_25af4.dir/CheckFunctionExists.c.o
/usr/bin/cc   -fsigned-char -W -Wall -Wreturn-type -Waddress -Wsequence-point -Wformat -Wformat-security -Wmissing-declarations -Wmissing-prototypes -Wstrict-prototypes -Wundef -Winit-self -Wpointer-arith -Wshadow -Wuninitialized -Wno-comment -Wimplicit-fallthrough=3 -Wno-strict-overflow -fdiagnostics-show-option -Wno-long-long -pthread -fomit-frame-pointer -ffunction-sections -fdata-sections  -msse -msse2 -msse3 -fvisibility=hidden -DCHECK_FUNCTION_EXISTS=sgemm_ -O3 -DNDEBUG  -DNDEBUG -fPIE   -o CMakeFiles/cmTC_25af4.dir/CheckFunctionExists.c.o   -c /usr/share/cmake-3.16/Modules/CheckFunctionExists.c
Linking C executable cmTC_25af4
/usr/bin/cmake -E cmake_link_script CMakeFiles/cmTC_25af4.dir/link.txt --verbose=1
/usr/bin/cc    -fsigned-char -W -Wall -Wreturn-type -Waddress -Wsequence-point -Wformat -Wformat-security -Wmissing-declarations -Wmissing-prototypes -Wstrict-prototypes -Wundef -Winit-self -Wpointer-arith -Wshadow -Wuninitialized -Wno-comment -Wimplicit-fallthrough=3 -Wno-strict-overflow -fdiagnostics-show-option -Wno-long-long -pthread -fomit-frame-pointer -ffunction-sections -fdata-sections  -msse -msse2 -msse3 -fvisibility=hidden -DCHECK_FUNCTION_EXISTS=sgemm_ -O3 -DNDEBUG  -DNDEBUG    -Wl,--gc-sections -Wl,--as-needed -Wl,--no-undefined  CMakeFiles/cmTC_25af4.dir/CheckFunctionExists.c.o  -o cmTC_25af4 
/usr/bin/ld: CMakeFiles/cmTC_25af4.dir/CheckFunctionExists.c.o: in function `main':
CheckFunctionExists.c:(.text.startup.main+0x10): undefined reference to `sgemm_'
collect2: error: ld returned 1 exit status
make[1]: *** [CMakeFiles/cmTC_25af4.dir/build.make:87: cmTC_25af4] Error 1
make[1]: Leaving directory '/home/max/Dev/OpenCV/OpenCV_build/CMakeFiles/CMakeTmp'
make: *** [Makefile:121: cmTC_25af4/fast] Error 2



Determining if the function cheev_ exists failed with the following output:
Change Dir: /home/max/Dev/OpenCV/OpenCV_build/CMakeFiles/CMakeTmp

Run Build Command(s):/usr/bin/make cmTC_4aa0d/fast && /usr/bin/make -f CMakeFiles/cmTC_4aa0d.dir/build.make CMakeFiles/cmTC_4aa0d.dir/build
make[1]: Entering directory '/home/max/Dev/OpenCV/OpenCV_build/CMakeFiles/CMakeTmp'
Building C object CMakeFiles/cmTC_4aa0d.dir/CheckFunctionExists.c.o
/usr/bin/cc   -fsigned-char -W -Wall -Wreturn-type -Waddress -Wsequence-point -Wformat -Wformat-security -Wmissing-declarations -Wmissing-prototypes -Wstrict-prototypes -Wundef -Winit-self -Wpointer-arith -Wshadow -Wuninitialized -Wno-comment -Wimplicit-fallthrough=3 -Wno-strict-overflow -fdiagnostics-show-option -Wno-long-long -pthread -fomit-frame-pointer -ffunction-sections -fdata-sections  -msse -msse2 -msse3 -fvisibility=hidden -DCHECK_FUNCTION_EXISTS=cheev_ -O3 -DNDEBUG  -DNDEBUG -fPIE   -o CMakeFiles/cmTC_4aa0d.dir/CheckFunctionExists.c.o   -c /usr/share/cmake-3.16/Modules/CheckFunctionExists.c
Linking C executable cmTC_4aa0d
/usr/bin/cmake -E cmake_link_script CMakeFiles/cmTC_4aa0d.dir/link.txt --verbose=1
/usr/bin/cc    -fsigned-char -W -Wall -Wreturn-type -Waddress -Wsequence-point -Wformat -Wformat-security -Wmissing-declarations -Wmissing-prototypes -Wstrict-prototypes -Wundef -Winit-self -Wpointer-arith -Wshadow -Wuninitialized -Wno-comment -Wimplicit-fallthrough=3 -Wno-strict-overflow -fdiagnostics-show-option -Wno-long-long -pthread -fomit-frame-pointer -ffunction-sections -fdata-sections  -msse -msse2 -msse3 -fvisibility=hidden -DCHECK_FUNCTION_EXISTS=cheev_ -O3 -DNDEBUG  -DNDEBUG    -Wl,--gc-sections -Wl,--as-needed -Wl,--no-undefined  CMakeFiles/cmTC_4aa0d.dir/CheckFunctionExists.c.o  -o cmTC_4aa0d  /usr/lib/x86_64-linux-gnu/libf77blas.so /usr/lib/x86_64-linux-gnu/libatlas.so 
/usr/bin/ld: CMakeFiles/cmTC_4aa0d.dir/CheckFunctionExists.c.o: in function `main':
CheckFunctionExists.c:(.text.startup.main+0x10): undefined reference to `cheev_'
collect2: error: ld returned 1 exit status
make[1]: *** [CMakeFiles/cmTC_4aa0d.dir/build.make:89: cmTC_4aa0d] Error 1
make[1]: Leaving directory '/home/max/Dev/OpenCV/OpenCV_build/CMakeFiles/CMakeTmp'
make: *** [Makefile:121: cmTC_4aa0d/fast] Error 2



Build output check failed:
    Regex: 'command[- ]line option .* is valid for .* but not for C\+\+'
    Output line: 'cc1plus: warning: command line option ‘-Wno-missing-prototypes’ is valid for C/ObjC but not for C++'
Compilation failed:
    source file: '/home/max/Dev/OpenCV/OpenCV_build/CMakeFiles/CMakeTmp/src.cxx'
    check option: ' -Wno-missing-prototypes'
===== BUILD LOG =====
Change Dir: /home/max/Dev/OpenCV/OpenCV_build/CMakeFiles/CMakeTmp

Run Build Command(s):/usr/bin/make cmTC_d0c8e/fast && /usr/bin/make -f CMakeFiles/cmTC_d0c8e.dir/build.make CMakeFiles/cmTC_d0c8e.dir/build
make[1]: Entering directory '/home/max/Dev/OpenCV/OpenCV_build/CMakeFiles/CMakeTmp'
Building CXX object CMakeFiles/cmTC_d0c8e.dir/src.cxx.o
/usr/bin/c++    -fsigned-char -W -Wall -Wreturn-type -Wnon-virtual-dtor -Waddress -Wsequence-point -Wformat -Wformat-security -Wmissing-declarations -Wundef -Winit-self -Wpointer-arith -Wshadow -Wsign-promo -Wuninitialized -Wsuggest-override -Wno-delete-non-virtual-dtor -Wno-comment -Wimplicit-fallthrough=3 -Wno-strict-overflow -fdiagnostics-show-option -Wno-long-long -pthread -fomit-frame-pointer -ffunction-sections -fdata-sections  -msse -msse2 -msse3 -fvisibility=hidden -fvisibility-inlines-hidden -Wno-deprecated  -O3 -DNDEBUG  -DNDEBUG -fPIE    -Wno-missing-prototypes -std=c++11 -o CMakeFiles/cmTC_d0c8e.dir/src.cxx.o -c /home/max/Dev/OpenCV/OpenCV_build/CMakeFiles/CMakeTmp/src.cxx
cc1plus: warning: command line option ‘-Wno-missing-prototypes’ is valid for C/ObjC but not for C++
/home/max/Dev/OpenCV/OpenCV_build/CMakeFiles/CMakeTmp/src.cxx:1: warning: ignoring #pragma   [-Wunknown-pragmas]
    1 | #pragma
      | 
Linking CXX executable cmTC_d0c8e
/usr/bin/cmake -E cmake_link_script CMakeFiles/cmTC_d0c8e.dir/link.txt --verbose=1
/usr/bin/c++     -fsigned-char -W -Wall -Wreturn-type -Wnon-virtual-dtor -Waddress -Wsequence-point -Wformat -Wformat-security -Wmissing-declarations -Wundef -Winit-self -Wpointer-arith -Wshadow -Wsign-promo -Wuninitialized -Wsuggest-override -Wno-delete-non-virtual-dtor -Wno-comment -Wimplicit-fallthrough=3 -Wno-strict-overflow -fdiagnostics-show-option -Wno-long-long -pthread -fomit-frame-pointer -ffunction-sections -fdata-sections  -msse -msse2 -msse3 -fvisibility=hidden -fvisibility-inlines-hidden -Wno-deprecated  -O3 -DNDEBUG  -DNDEBUG    -Wl,--gc-sections -Wl,--as-needed -Wl,--no-undefined  CMakeFiles/cmTC_d0c8e.dir/src.cxx.o  -o cmTC_d0c8e 
make[1]: Leaving directory '/home/max/Dev/OpenCV/OpenCV_build/CMakeFiles/CMakeTmp'


===== END =====

Build output check failed:
    Regex: 'unrecognized .*option'
    Output line: 'cc1plus: warning: unrecognized command line option ‘-Wno-tautological-undefined-compare’'
Compilation failed:
    source file: '/home/max/Dev/OpenCV/OpenCV_build/CMakeFiles/CMakeTmp/src.cxx'
    check option: ' -Wno-tautological-undefined-compare'
===== BUILD LOG =====
Change Dir: /home/max/Dev/OpenCV/OpenCV_build/CMakeFiles/CMakeTmp

Run Build Command(s):/usr/bin/make cmTC_64fb6/fast && /usr/bin/make -f CMakeFiles/cmTC_64fb6.dir/build.make CMakeFiles/cmTC_64fb6.dir/build
make[1]: Entering directory '/home/max/Dev/OpenCV/OpenCV_build/CMakeFiles/CMakeTmp'
Building CXX object CMakeFiles/cmTC_64fb6.dir/src.cxx.o
/usr/bin/c++    -fsigned-char -W -Wall -Wreturn-type -Wnon-virtual-dtor -Waddress -Wsequence-point -Wformat -Wformat-security -Winit-self -Wpointer-arith -Wuninitialized -Wsuggest-override -Wno-delete-non-virtual-dtor -Wno-comment -Wimplicit-fallthrough=3 -Wno-strict-overflow -fdiagnostics-show-option -Wno-long-long -pthread -fomit-frame-pointer -ffunction-sections -fdata-sections  -msse -msse2 -msse3 -fvisibility=hidden -fvisibility-inlines-hidden -Wno-deprecated -Wno-missing-declarations -Wno-shadow -Wno-unused-parameter -Wno-unused-local-typedefs -Wno-sign-compare -Wno-sign-promo -Wno-undef  -O3 -DNDEBUG  -DNDEBUG -fPIE    -Wno-tautological-undefined-compare -std=c++11 -o CMakeFiles/cmTC_64fb6.dir/src.cxx.o -c /home/max/Dev/OpenCV/OpenCV_build/CMakeFiles/CMakeTmp/src.cxx
/home/max/Dev/OpenCV/OpenCV_build/CMakeFiles/CMakeTmp/src.cxx:1: warning: ignoring #pragma   [-Wunknown-pragmas]
    1 | #pragma
      | 
cc1plus: warning: unrecognized command line option ‘-Wno-tautological-undefined-compare’
Linking CXX executable cmTC_64fb6
/usr/bin/cmake -E cmake_link_script CMakeFiles/cmTC_64fb6.dir/link.txt --verbose=1
/usr/bin/c++     -fsigned-char -W -Wall -Wreturn-type -Wnon-virtual-dtor -Waddress -Wsequence-point -Wformat -Wformat-security -Winit-self -Wpointer-arith -Wuninitialized -Wsuggest-override -Wno-delete-non-virtual-dtor -Wno-comment -Wimplicit-fallthrough=3 -Wno-strict-overflow -fdiagnostics-show-option -Wno-long-long -pthread -fomit-frame-pointer -ffunction-sections -fdata-sections  -msse -msse2 -msse3 -fvisibility=hidden -fvisibility-inlines-hidden -Wno-deprecated -Wno-missing-declarations -Wno-shadow -Wno-unused-parameter -Wno-unused-local-typedefs -Wno-sign-compare -Wno-sign-promo -Wno-undef  -O3 -DNDEBUG  -DNDEBUG    -Wl,--gc-sections -Wl,--as-needed -Wl,--no-undefined  CMakeFiles/cmTC_64fb6.dir/src.cxx.o  -o cmTC_64fb6 
make[1]: Leaving directory '/home/max/Dev/OpenCV/OpenCV_build/CMakeFiles/CMakeTmp'


===== END =====

Build output check failed:
    Regex: 'unrecognized .*option'
    Output line: 'cc1plus: warning: unrecognized command line option ‘-Wno-shorten-64-to-32’'
Compilation failed:
    source file: '/home/max/Dev/OpenCV/OpenCV_build/CMakeFiles/CMakeTmp/src.cxx'
    check option: ' -Wno-shorten-64-to-32'
===== BUILD LOG =====
Change Dir: /home/max/Dev/OpenCV/OpenCV_build/CMakeFiles/CMakeTmp

Run Build Command(s):/usr/bin/make cmTC_fdb17/fast && /usr/bin/make -f CMakeFiles/cmTC_fdb17.dir/build.make CMakeFiles/cmTC_fdb17.dir/build
make[1]: Entering directory '/home/max/Dev/OpenCV/OpenCV_build/CMakeFiles/CMakeTmp'
Building CXX object CMakeFiles/cmTC_fdb17.dir/src.cxx.o
/usr/bin/c++    -fsigned-char -W -Wall -Wreturn-type -Wnon-virtual-dtor -Waddress -Wsequence-point -Wformat -Wformat-security -Winit-self -Wpointer-arith -Wuninitialized -Wsuggest-override -Wno-delete-non-virtual-dtor -Wno-comment -Wimplicit-fallthrough=3 -Wno-strict-overflow -fdiagnostics-show-option -Wno-long-long -pthread -fomit-frame-pointer -ffunction-sections -fdata-sections  -msse -msse2 -msse3 -fvisibility=hidden -fvisibility-inlines-hidden -Wno-deprecated -Wno-missing-declarations -Wno-shadow -Wno-unused-parameter -Wno-unused-local-typedefs -Wno-sign-compare -Wno-sign-promo -Wno-undef -Wno-ignored-qualifiers -Wno-extra -Wno-unused-function -Wno-unused-const-variable  -O3 -DNDEBUG  -DNDEBUG -fPIE    -Wno-shorten-64-to-32 -std=c++11 -o CMakeFiles/cmTC_fdb17.dir/src.cxx.o -c /home/max/Dev/OpenCV/OpenCV_build/CMakeFiles/CMakeTmp/src.cxx
/home/max/Dev/OpenCV/OpenCV_build/CMakeFiles/CMakeTmp/src.cxx:1: warning: ignoring #pragma   [-Wunknown-pragmas]
    1 | #pragma
      | 
cc1plus: warning: unrecognized command line option ‘-Wno-shorten-64-to-32’
Linking CXX executable cmTC_fdb17
/usr/bin/cmake -E cmake_link_script CMakeFiles/cmTC_fdb17.dir/link.txt --verbose=1
/usr/bin/c++     -fsigned-char -W -Wall -Wreturn-type -Wnon-virtual-dtor -Waddress -Wsequence-point -Wformat -Wformat-security -Winit-self -Wpointer-arith -Wuninitialized -Wsuggest-override -Wno-delete-non-virtual-dtor -Wno-comment -Wimplicit-fallthrough=3 -Wno-strict-overflow -fdiagnostics-show-option -Wno-long-long -pthread -fomit-frame-pointer -ffunction-sections -fdata-sections  -msse -msse2 -msse3 -fvisibility=hidden -fvisibility-inlines-hidden -Wno-deprecated -Wno-missing-declarations -Wno-shadow -Wno-unused-parameter -Wno-unused-local-typedefs -Wno-sign-compare -Wno-sign-promo -Wno-undef -Wno-ignored-qualifiers -Wno-extra -Wno-unused-function -Wno-unused-const-variable  -O3 -DNDEBUG  -DNDEBUG    -Wl,--gc-sections -Wl,--as-needed -Wl,--no-undefined  CMakeFiles/cmTC_fdb17.dir/src.cxx.o  -o cmTC_fdb17 
make[1]: Leaving directory '/home/max/Dev/OpenCV/OpenCV_build/CMakeFiles/CMakeTmp'


===== END =====

Build output check failed:
    Regex: 'unrecognized .*option'
    Output line: 'cc1plus: warning: unrecognized command line option ‘-Wno-enum-compare-switch’'
Compilation failed:
    source file: '/home/max/Dev/OpenCV/OpenCV_build/CMakeFiles/CMakeTmp/src.cxx'
    check option: ' -Wno-enum-compare-switch'
===== BUILD LOG =====
Change Dir: /home/max/Dev/OpenCV/OpenCV_build/CMakeFiles/CMakeTmp

Run Build Command(s):/usr/bin/make cmTC_c483e/fast && /usr/bin/make -f CMakeFiles/cmTC_c483e.dir/build.make CMakeFiles/cmTC_c483e.dir/build
make[1]: Entering directory '/home/max/Dev/OpenCV/OpenCV_build/CMakeFiles/CMakeTmp'
Building CXX object CMakeFiles/cmTC_c483e.dir/src.cxx.o
/usr/bin/c++    -fsigned-char -W -Wall -Wreturn-type -Wnon-virtual-dtor -Waddress -Wsequence-point -Wformat -Wformat-security -Winit-self -Wpointer-arith -Wuninitialized -Wsuggest-override -Wno-delete-non-virtual-dtor -Wno-comment -Wimplicit-fallthrough=3 -Wno-strict-overflow -fdiagnostics-show-option -Wno-long-long -pthread -fomit-frame-pointer -ffunction-sections -fdata-sections  -msse -msse2 -msse3 -fvisibility=hidden -fvisibility-inlines-hidden -Wno-deprecated -Wno-missing-declarations -Wno-shadow -Wno-unused-parameter -Wno-unused-local-typedefs -Wno-sign-compare -Wno-sign-promo -Wno-undef -Wno-ignored-qualifiers -Wno-extra -Wno-unused-function -Wno-unused-const-variable -Wno-invalid-offsetof  -O3 -DNDEBUG  -DNDEBUG -fPIE    -Wno-enum-compare-switch -std=c++11 -o CMakeFiles/cmTC_c483e.dir/src.cxx.o -c /home/max/Dev/OpenCV/OpenCV_build/CMakeFiles/CMakeTmp/src.cxx
/home/max/Dev/OpenCV/OpenCV_build/CMakeFiles/CMakeTmp/src.cxx:1: warning: ignoring #pragma   [-Wunknown-pragmas]
    1 | #pragma
      | 
cc1plus: warning: unrecognized command line option ‘-Wno-enum-compare-switch’
Linking CXX executable cmTC_c483e
/usr/bin/cmake -E cmake_link_script CMakeFiles/cmTC_c483e.dir/link.txt --verbose=1
/usr/bin/c++     -fsigned-char -W -Wall -Wreturn-type -Wnon-virtual-dtor -Waddress -Wsequence-point -Wformat -Wformat-security -Winit-self -Wpointer-arith -Wuninitialized -Wsuggest-override -Wno-delete-non-virtual-dtor -Wno-comment -Wimplicit-fallthrough=3 -Wno-strict-overflow -fdiagnostics-show-option -Wno-long-long -pthread -fomit-frame-pointer -ffunction-sections -fdata-sections  -msse -msse2 -msse3 -fvisibility=hidden -fvisibility-inlines-hidden -Wno-deprecated -Wno-missing-declarations -Wno-shadow -Wno-unused-parameter -Wno-unused-local-typedefs -Wno-sign-compare -Wno-sign-promo -Wno-undef -Wno-ignored-qualifiers -Wno-extra -Wno-unused-function -Wno-unused-const-variable -Wno-invalid-offsetof  -O3 -DNDEBUG  -DNDEBUG    -Wl,--gc-sections -Wl,--as-needed -Wl,--no-undefined  CMakeFiles/cmTC_c483e.dir/src.cxx.o  -o cmTC_c483e 
make[1]: Leaving directory '/home/max/Dev/OpenCV/OpenCV_build/CMakeFiles/CMakeTmp'


===== END =====

Build output check failed:
    Regex: 'unrecognized .*option'
    Output line: 'cc1plus: warning: unrecognized command line option ‘-Wno-inconsistent-missing-override’'
Compilation failed:
    source file: '/home/max/Dev/OpenCV/OpenCV_build/CMakeFiles/CMakeTmp/src.cxx'
    check option: ' -Wno-inconsistent-missing-override'
===== BUILD LOG =====
Change Dir: /home/max/Dev/OpenCV/OpenCV_build/CMakeFiles/CMakeTmp

Run Build Command(s):/usr/bin/make cmTC_5436c/fast && /usr/bin/make -f CMakeFiles/cmTC_5436c.dir/build.make CMakeFiles/cmTC_5436c.dir/build
make[1]: Entering directory '/home/max/Dev/OpenCV/OpenCV_build/CMakeFiles/CMakeTmp'
Building CXX object CMakeFiles/cmTC_5436c.dir/src.cxx.o
/usr/bin/c++    -fsigned-char -W -Wall -Wreturn-type -Wnon-virtual-dtor -Waddress -Wsequence-point -Wformat -Wformat-security -Winit-self -Wpointer-arith -Wuninitialized -Wno-delete-non-virtual-dtor -Wno-comment -Wimplicit-fallthrough=3 -Wno-strict-overflow -fdiagnostics-show-option -Wno-long-long -pthread -fomit-frame-pointer -ffunction-sections -fdata-sections  -msse -msse2 -msse3 -fvisibility=hidden -fvisibility-inlines-hidden -Wno-deprecated -Wno-missing-declarations -Wno-shadow -Wno-unused-parameter -Wno-unused-local-typedefs -Wno-sign-compare -Wno-sign-promo -Wno-undef -Wno-ignored-qualifiers -Wno-extra -Wno-unused-function -Wno-unused-const-variable -Wno-invalid-offsetof -Wno-suggest-override  -O3 -DNDEBUG  -DNDEBUG -fPIE    -Wno-inconsistent-missing-override -std=c++11 -o CMakeFiles/cmTC_5436c.dir/src.cxx.o -c /home/max/Dev/OpenCV/OpenCV_build/CMakeFiles/CMakeTmp/src.cxx
/home/max/Dev/OpenCV/OpenCV_build/CMakeFiles/CMakeTmp/src.cxx:1: warning: ignoring #pragma   [-Wunknown-pragmas]
    1 | #pragma
      | 
cc1plus: warning: unrecognized command line option ‘-Wno-inconsistent-missing-override’
Linking CXX executable cmTC_5436c
/usr/bin/cmake -E cmake_link_script CMakeFiles/cmTC_5436c.dir/link.txt --verbose=1
/usr/bin/c++     -fsigned-char -W -Wall -Wreturn-type -Wnon-virtual-dtor -Waddress -Wsequence-point -Wformat -Wformat-security -Winit-self -Wpointer-arith -Wuninitialized -Wno-delete-non-virtual-dtor -Wno-comment -Wimplicit-fallthrough=3 -Wno-strict-overflow -fdiagnostics-show-option -Wno-long-long -pthread -fomit-frame-pointer -ffunction-sections -fdata-sections  -msse -msse2 -msse3 -fvisibility=hidden -fvisibility-inlines-hidden -Wno-deprecated -Wno-missing-declarations -Wno-shadow -Wno-unused-parameter -Wno-unused-local-typedefs -Wno-sign-compare -Wno-sign-promo -Wno-undef -Wno-ignored-qualifiers -Wno-extra -Wno-unused-function -Wno-unused-const-variable -Wno-invalid-offsetof -Wno-suggest-override  -O3 -DNDEBUG  -DNDEBUG    -Wl,--gc-sections -Wl,--as-needed -Wl,--no-undefined  CMakeFiles/cmTC_5436c.dir/src.cxx.o  -o cmTC_5436c 
make[1]: Leaving directory '/home/max/Dev/OpenCV/OpenCV_build/CMakeFiles/CMakeTmp'


===== END =====

Determining if the include file sys/videoio.h exists failed with the following output:
Change Dir: /home/max/Dev/OpenCV/OpenCV_build/CMakeFiles/CMakeTmp

Run Build Command(s):/usr/bin/make cmTC_243cc/fast && /usr/bin/make -f CMakeFiles/cmTC_243cc.dir/build.make CMakeFiles/cmTC_243cc.dir/build
make[1]: Entering directory '/home/max/Dev/OpenCV/OpenCV_build/CMakeFiles/CMakeTmp'
Building C object CMakeFiles/cmTC_243cc.dir/CheckIncludeFile.c.o
/usr/bin/cc   -fsigned-char -W -Wall -Wreturn-type -Waddress -Wsequence-point -Wformat -Wformat-security -Wmissing-declarations -Wmissing-prototypes -Wstrict-prototypes -Wundef -Winit-self -Wpointer-arith -Wshadow -Wuninitialized -Wno-comment -Wimplicit-fallthrough=3 -Wno-strict-overflow -fdiagnostics-show-option -Wno-long-long -pthread -fomit-frame-pointer -ffunction-sections -fdata-sections  -msse -msse2 -msse3 -fvisibility=hidden  -O3 -DNDEBUG  -DNDEBUG -fPIE   -o CMakeFiles/cmTC_243cc.dir/CheckIncludeFile.c.o   -c /home/max/Dev/OpenCV/OpenCV_build/CMakeFiles/CMakeTmp/CheckIncludeFile.c
/home/max/Dev/OpenCV/OpenCV_build/CMakeFiles/CMakeTmp/CheckIncludeFile.c:1:10: fatal error: sys/videoio.h: No such file or directory
    1 | #include <sys/videoio.h>
      |          ^~~~~~~~~~~~~~~
compilation terminated.
make[1]: *** [CMakeFiles/cmTC_243cc.dir/build.make:66: CMakeFiles/cmTC_243cc.dir/CheckIncludeFile.c.o] Error 1
make[1]: Leaving directory '/home/max/Dev/OpenCV/OpenCV_build/CMakeFiles/CMakeTmp'
make: *** [Makefile:121: cmTC_243cc/fast] Error 2



Build output check failed:
    Regex: 'unrecognized .*option'
    Output line: 'cc1plus: warning: unrecognized command line option ‘-Wno-unused-private-field’'
Compilation failed:
    source file: '/home/max/Dev/OpenCV/OpenCV_build/CMakeFiles/CMakeTmp/src.cxx'
    check option: ' -Wno-unused-private-field'
===== BUILD LOG =====
Change Dir: /home/max/Dev/OpenCV/OpenCV_build/CMakeFiles/CMakeTmp

Run Build Command(s):/usr/bin/make cmTC_4a575/fast && /usr/bin/make -f CMakeFiles/cmTC_4a575.dir/build.make CMakeFiles/cmTC_4a575.dir/build
make[1]: Entering directory '/home/max/Dev/OpenCV/OpenCV_build/CMakeFiles/CMakeTmp'
Building CXX object CMakeFiles/cmTC_4a575.dir/src.cxx.o
/usr/bin/c++    -fsigned-char -W -Wall -Wreturn-type -Wnon-virtual-dtor -Waddress -Wsequence-point -Wformat -Wformat-security -Wmissing-declarations -Wundef -Winit-self -Wpointer-arith -Wshadow -Wsign-promo -Wuninitialized -Wsuggest-override -Wno-delete-non-virtual-dtor -Wno-comment -Wimplicit-fallthrough=3 -Wno-strict-overflow -fdiagnostics-show-option -Wno-long-long -pthread -fomit-frame-pointer -ffunction-sections -fdata-sections  -msse -msse2 -msse3 -fvisibility=hidden -fvisibility-inlines-hidden -Wno-unused-function -Wno-deprecated-declarations -Wno-overloaded-virtual  -O3 -DNDEBUG  -DNDEBUG -fPIE    -Wno-unused-private-field -std=c++11 -o CMakeFiles/cmTC_4a575.dir/src.cxx.o -c /home/max/Dev/OpenCV/OpenCV_build/CMakeFiles/CMakeTmp/src.cxx
/home/max/Dev/OpenCV/OpenCV_build/CMakeFiles/CMakeTmp/src.cxx:1: warning: ignoring #pragma   [-Wunknown-pragmas]
    1 | #pragma
      | 
cc1plus: warning: unrecognized command line option ‘-Wno-unused-private-field’
Linking CXX executable cmTC_4a575
/usr/bin/cmake -E cmake_link_script CMakeFiles/cmTC_4a575.dir/link.txt --verbose=1
/usr/bin/c++     -fsigned-char -W -Wall -Wreturn-type -Wnon-virtual-dtor -Waddress -Wsequence-point -Wformat -Wformat-security -Wmissing-declarations -Wundef -Winit-self -Wpointer-arith -Wshadow -Wsign-promo -Wuninitialized -Wsuggest-override -Wno-delete-non-virtual-dtor -Wno-comment -Wimplicit-fallthrough=3 -Wno-strict-overflow -fdiagnostics-show-option -Wno-long-long -pthread -fomit-frame-pointer -ffunction-sections -fdata-sections  -msse -msse2 -msse3 -fvisibility=hidden -fvisibility-inlines-hidden -Wno-unused-function -Wno-deprecated-declarations -Wno-overloaded-virtual  -O3 -DNDEBUG  -DNDEBUG    -Wl,--gc-sections -Wl,--as-needed -Wl,--no-undefined  CMakeFiles/cmTC_4a575.dir/src.cxx.o  -o cmTC_4a575 
make[1]: Leaving directory '/home/max/Dev/OpenCV/OpenCV_build/CMakeFiles/CMakeTmp'


===== END =====

